Arguments: 
  /usr/local/bin/node /usr/local/Cellar/yarn/1.5.1/libexec/bin/yarn.js install

PATH: 
  /opt/local/bin:/opt/local/sbin:/opt/local/bin:/opt/local/sbin:/Users/renaco/bin:/usr/local/bin:/usr/local/mysql/bin:/Users/renaco/bin:/usr/local/bin:/usr/bin:/bin:/usr/sbin:/sbin:/opt/X11/bin

Yarn version: 
  1.5.1

Node version: 
  8.9.4

Platform: 
  darwin x64

npm manifest: 
  {
    "name": "pe-container",
    "version": "1.0.0",
    "main": "index.js",
    "license": "MIT",
    "devDependencies": {
      "awesome-typescript-loader": "^5.0.0",
      "circular-dependency-plugin": "^5.0.2",
      "clean-webpack-plugin": "^0.1.19",
      "eslint-config-und": "^0.0.2",
      "eslint-loader": "^2.0.0",
      "eslint-plugin-typescript": "^0.12.0",
      "fast-sass-loader": "^1.4.5",
      "html-loader": "^0.5.5",
      "html-webpack-inline-source-plugin": "^0.0.10",
      "html-webpack-plugin": "^3.2.0",
      "mini-css-extract-plugin": "^0.4.0",
      "pug": "^2.0.3",
      "pug-loader": "^2.4.0",
      "typescript": "^2.9.2",
      "typescript-eslint-parser": "^16.0.1",
      "webpack": "^4.16.1",
      "webpack-cli": "^3.0.8",
      "webpack-dev-server": "^3.1.4"
    },
    "dependencies": {
      "css-loader": "^1.0.0",
      "env-cmd": "^8.0.1",
      "eslint": "^5.1.0",
      "node-sass": "^4.9.0",
      "sass-loader": "^7.0.3",
      "style-loader": "^0.21.0",
      "uglifyjs-webpack-plugin": "^1.2.5"
    },
    "scripts": {
      "start": "webpack-dev-server",
      "build": "webpack",
      "build:dev": "env-cmd ./.env.dev webpack",
      "build:pre": "env-cmd ./.dev.pre webpack"
    }
  }

yarn manifest: 
  No manifest

Lockfile: 
  No lockfile

Trace: 
  Error: Found incompatible module
      at new MessageError (/usr/local/Cellar/yarn/1.5.1/libexec/lib/cli.js:186:110)
      at checkOne (/usr/local/Cellar/yarn/1.5.1/libexec/lib/cli.js:62444:11)
      at Object.check (/usr/local/Cellar/yarn/1.5.1/libexec/lib/cli.js:62463:5)
      at /usr/local/Cellar/yarn/1.5.1/libexec/lib/cli.js:22803:73
      at Generator.next (<anonymous>)
      at step (/usr/local/Cellar/yarn/1.5.1/libexec/lib/cli.js:98:30)
      at /usr/local/Cellar/yarn/1.5.1/libexec/lib/cli.js:109:13
      at <anonymous>
